Using pre-set license
Built from '2020.3/staging' branch; Version is '2020.3.18f1 (a7d1c678663c) revision 10998214'; Using compiler version '192528614'; Build Type 'Release'
OS: 'Windows 10 Home; OS build 19042.1415; Version 2009; 64bit' Language: 'en' Physical Memory: 8012 MB
BatchMode: 1, IsHumanControllingUs: 0, StartBugReporterOnCrash: 0, Is64bit: 1, IsPro: 0

COMMAND LINE ARGUMENTS:
C:\Users\Manie\Desktop\Unity\2020.3.18f1\Editor\Unity.exe
-adb2
-batchMode
-noUpm
-name
AssetImportWorker0
-projectPath
C:/Users/Manie/Desktop/UnityHub/FinalAssignment/FinalAssignment
-logFile
Logs/AssetImportWorker0.log
-srvPort
55999
Successfully changed project path to: C:/Users/Manie/Desktop/UnityHub/FinalAssignment/FinalAssignment
C:/Users/Manie/Desktop/UnityHub/FinalAssignment/FinalAssignment
Using Asset Import Pipeline V2.
Refreshing native plugins compatible for Editor in 248.75 ms, found 3 plugins.
Preloading 0 native plugins for Editor in 0.00 ms.
Initialize engine version: 2020.3.18f1 (a7d1c678663c)
[Subsystems] Discovering subsystems at path C:/Users/Manie/Desktop/Unity/2020.3.18f1/Editor/Data/Resources/UnitySubsystems
[Subsystems] Discovering subsystems at path C:/Users/Manie/Desktop/UnityHub/FinalAssignment/FinalAssignment/Assets
GfxDevice: creating device client; threaded=0
Direct3D:
    Version:  Direct3D 11.0 [level 11.1]
    Renderer: Intel(R) UHD Graphics 600 (ID=0x3185)
    Vendor:   
    VRAM:     4006 MB
    Driver:   27.20.100.8681
Initialize mono
Mono path[0] = 'C:/Users/Manie/Desktop/Unity/2020.3.18f1/Editor/Data/Managed'
Mono path[1] = 'C:/Users/Manie/Desktop/Unity/2020.3.18f1/Editor/Data/MonoBleedingEdge/lib/mono/unityjit'
Mono config path = 'C:/Users/Manie/Desktop/Unity/2020.3.18f1/Editor/Data/MonoBleedingEdge/etc'
Using monoOptions --debugger-agent=transport=dt_socket,embedding=1,server=y,suspend=n,address=127.0.0.1:56288
Begin MonoManager ReloadAssembly
Registering precompiled unity dll's ...
Register platform support module: C:/Users/Manie/Desktop/Unity/2020.3.18f1/Editor/Data/PlaybackEngines/WindowsStandaloneSupport/UnityEditor.WindowsStandalone.Extensions.dll
Registered in 0.005107 seconds.
Native extension for WindowsStandalone target not found
Refreshing native plugins compatible for Editor in 122.72 ms, found 3 plugins.
Preloading 0 native plugins for Editor in 0.00 ms.
Mono: successfully reloaded assembly
- Completed reload, in  5.079 seconds
Domain Reload Profiling:
	ReloadAssembly (5080ms)
		BeginReloadAssembly (132ms)
			ExecutionOrderSort (0ms)
			DisableScriptedObjects (0ms)
			BackupInstance (0ms)
			ReleaseScriptingObjects (0ms)
			CreateAndSetChildDomain (2ms)
		EndReloadAssembly (1042ms)
			LoadAssemblies (124ms)
			RebuildTransferFunctionScriptingTraits (0ms)
			SetupTypeCache (377ms)
			ReleaseScriptCaches (0ms)
			RebuildScriptCaches (77ms)
			SetupLoadedEditorAssemblies (423ms)
				LogAssemblyErrors (0ms)
				InitializePlatformSupportModulesInManaged (10ms)
				SetLoadedEditorAssemblies (1ms)
				RefreshPlugins (123ms)
				BeforeProcessingInitializeOnLoad (34ms)
				ProcessInitializeOnLoadAttributes (190ms)
				ProcessInitializeOnLoadMethodAttributes (66ms)
				AfterProcessingInitializeOnLoad (0ms)
				EditorAssembliesLoaded (0ms)
			ExecutionOrderSort2 (0ms)
			AwakeInstancesAfterBackupRestoration (0ms)
Platform modules already initialized, skipping
Registering precompiled user dll's ...
Registered in 0.010233 seconds.
Begin MonoManager ReloadAssembly
Native extension for WindowsStandalone target not found
Refreshing native plugins compatible for Editor in 125.13 ms, found 3 plugins.
Preloading 0 native plugins for Editor in 0.00 ms.
Mono: successfully reloaded assembly
- Completed reload, in  2.948 seconds
Domain Reload Profiling:
	ReloadAssembly (2950ms)
		BeginReloadAssembly (353ms)
			ExecutionOrderSort (0ms)
			DisableScriptedObjects (11ms)
			BackupInstance (0ms)
			ReleaseScriptingObjects (0ms)
			CreateAndSetChildDomain (51ms)
		EndReloadAssembly (2342ms)
			LoadAssemblies (224ms)
			RebuildTransferFunctionScriptingTraits (0ms)
			SetupTypeCache (761ms)
			ReleaseScriptCaches (1ms)
			RebuildScriptCaches (136ms)
			SetupLoadedEditorAssemblies (933ms)
				LogAssemblyErrors (0ms)
				InitializePlatformSupportModulesInManaged (9ms)
				SetLoadedEditorAssemblies (0ms)
				RefreshPlugins (125ms)
				BeforeProcessingInitializeOnLoad (205ms)
				ProcessInitializeOnLoadAttributes (538ms)
				ProcessInitializeOnLoadMethodAttributes (38ms)
				AfterProcessingInitializeOnLoad (16ms)
				EditorAssembliesLoaded (1ms)
			ExecutionOrderSort2 (0ms)
			AwakeInstancesAfterBackupRestoration (15ms)
Platform modules already initialized, skipping
========================================================================
Worker process is ready to serve import requests
Launched and connected shader compiler UnityShaderCompiler.exe after 0.15 seconds
Refreshing native plugins compatible for Editor in 1.64 ms, found 3 plugins.
Preloading 0 native plugins for Editor in 0.00 ms.
Unloading 2239 Unused Serialized files (Serialized files now loaded: 0)
System memory in use before: 98.0 MB.
System memory in use after: 98.1 MB.

Unloading 27 unused Assets to reduce memory usage. Loaded Objects now: 2679.
Total: 8.906800 ms (FindLiveObjects: 0.874900 ms CreateObjectMapping: 0.144500 ms MarkObjects: 7.705000 ms  DeleteObjects: 0.179300 ms)

AssetImportParameters requested are different than current active one (requested -> active):
  custom:framework-win-MediaFoundation: 216162199b28c13a410421893ffa2e32 -> 
  custom:video-decoder-ogg-theora: a1e56fd34408186e4bbccfd4996cb3dc -> 
  custom:container-muxer-webm: aa71ff27fc2769a1b78a27578f13a17b -> 
  custom:container-demuxer-webm: 4f35f7cbe854078d1ac9338744f61a02 -> 
  custom:container-demuxer-ogg: 62fdf1f143b41e24485cea50d1cbac27 -> 
  custom:video-encoder-webm-vp8: eb34c28f22e8b96e1ab97ce403110664 -> 
  custom:video-codec-MediaFoundation-h265: 746d11721c4dcdbdad8f713fa42b33f4 -> 
  custom:video-decoder-webm-vp8: 9c59270c3fd7afecdb556c50c9e8de78 -> 
  custom:audio-decoder-ogg-vorbis: bf7c407c2cedff20999df2af8eb42d56 -> 
  custom:audio-encoder-webm-vorbis: bf7c407c2cedff20999df2af8eb42d56 -> 
========================================================================
Received Import Request.
  path: Assets/Sunnyland/artwork/Sprites/Enemies/frog
  artifactKey: Guid(146e5c72b642042a7bff0a4312903a62) Importer(815301076,1909f56bfc062723c751e8b465ee728b)
Start importing Assets/Sunnyland/artwork/Sprites/Enemies/frog using Guid(146e5c72b642042a7bff0a4312903a62) Importer(815301076,1909f56bfc062723c751e8b465ee728b)  -> (artifact id: '2d3ac29b383027e884e7b86fcd17271d') in 0.028707 seconds 
  Import took 0.039882 seconds .

========================================================================
Received Import Request.
  Time since last request: 0.325971 seconds.
  path: Assets/Sunnyland/artwork/Sprites/Enemies/frog/idle
  artifactKey: Guid(a7e0d8dacdac94b808e416f4fe68d8ee) Importer(815301076,1909f56bfc062723c751e8b465ee728b)
Start importing Assets/Sunnyland/artwork/Sprites/Enemies/frog/idle using Guid(a7e0d8dacdac94b808e416f4fe68d8ee) Importer(815301076,1909f56bfc062723c751e8b465ee728b)  -> (artifact id: 'df8cfb97d1f89ae7484e7a8e421b6ecd') in 0.037720 seconds 
  Import took 0.058631 seconds .

========================================================================
Received Import Request.
  Time since last request: 0.086441 seconds.
  path: Assets/Sunnyland/artwork/Sprites/Enemies/frog/idle/frog-idle-1.png
  artifactKey: Guid(86ca59b9bca0e409b9ba2784fbe69f01) Importer(815301076,1909f56bfc062723c751e8b465ee728b)
Start importing Assets/Sunnyland/artwork/Sprites/Enemies/frog/idle/frog-idle-1.png using Guid(86ca59b9bca0e409b9ba2784fbe69f01) Importer(815301076,1909f56bfc062723c751e8b465ee728b)  -> (artifact id: '7559d65035109c8f1296e13dac866635') in 0.718757 seconds 
  Import took 0.734553 seconds .

========================================================================
Received Import Request.
  Time since last request: 0.054625 seconds.
  path: Assets/Sunnyland/artwork/Sprites/Enemies/frog/idle/frog-idle-3.png
  artifactKey: Guid(662ace939438646e7a4067a89ec54b9e) Importer(815301076,1909f56bfc062723c751e8b465ee728b)
Start importing Assets/Sunnyland/artwork/Sprites/Enemies/frog/idle/frog-idle-3.png using Guid(662ace939438646e7a4067a89ec54b9e) Importer(815301076,1909f56bfc062723c751e8b465ee728b)  -> (artifact id: '5df7abfdf9f32925f3f94028c515e076') in 0.145755 seconds 
  Import took 0.157433 seconds .

========================================================================
Received Import Request.
  Time since last request: 0.000576 seconds.
  path: Assets/Sunnyland/artwork/Sprites/Enemies/frog/idle/frog-idle-2.png
  artifactKey: Guid(116ac2caa16ad4f73af4539f8b07d019) Importer(815301076,1909f56bfc062723c751e8b465ee728b)
Start importing Assets/Sunnyland/artwork/Sprites/Enemies/frog/idle/frog-idle-2.png using Guid(116ac2caa16ad4f73af4539f8b07d019) Importer(815301076,1909f56bfc062723c751e8b465ee728b)  -> (artifact id: '53f73270d0b1d4c960e550cb0825b487') in 0.070076 seconds 
  Import took 0.080555 seconds .

========================================================================
Received Import Request.
  Time since last request: 16.679782 seconds.
  path: Assets/Sunnyland/artwork/Sprites/Enemies/opossum/opossum-1.png
  artifactKey: Guid(baa0c643131554ff99574059ec7da1cc) Importer(815301076,1909f56bfc062723c751e8b465ee728b)
Start importing Assets/Sunnyland/artwork/Sprites/Enemies/opossum/opossum-1.png using Guid(baa0c643131554ff99574059ec7da1cc) Importer(815301076,1909f56bfc062723c751e8b465ee728b)  -> (artifact id: 'dbb9a2ef48b5fcd5782d3515ee783e35') in 0.060300 seconds 
  Import took 0.069787 seconds .

========================================================================
Received Import Request.
  Time since last request: 0.000554 seconds.
  path: Assets/Sunnyland/artwork/Sprites/Enemies/opossum/opossum-5.png
  artifactKey: Guid(d3b400141540442d5a4497e34887083f) Importer(815301076,1909f56bfc062723c751e8b465ee728b)
Start importing Assets/Sunnyland/artwork/Sprites/Enemies/opossum/opossum-5.png using Guid(d3b400141540442d5a4497e34887083f) Importer(815301076,1909f56bfc062723c751e8b465ee728b)  -> (artifact id: 'e3a71b5d4fbb796948b91a41441c15ed') in 0.100801 seconds 
  Import took 0.110040 seconds .

========================================================================
Received Import Request.
  Time since last request: 0.001110 seconds.
  path: Assets/Sunnyland/artwork/Sprites/Enemies/opossum/opossum-4.png
  artifactKey: Guid(23510f1f0d6994dccbcdd1aa3cfe73be) Importer(815301076,1909f56bfc062723c751e8b465ee728b)
Start importing Assets/Sunnyland/artwork/Sprites/Enemies/opossum/opossum-4.png using Guid(23510f1f0d6994dccbcdd1aa3cfe73be) Importer(815301076,1909f56bfc062723c751e8b465ee728b)  -> (artifact id: '5b2ecefcbb8cfe65a5915a6c6ed4b889') in 0.088173 seconds 
  Import took 0.097131 seconds .

========================================================================
Received Import Request.
  Time since last request: 0.000513 seconds.
  path: Assets/Sunnyland/artwork/Sprites/Enemies/opossum/opossum-3.png
  artifactKey: Guid(74c5b1be9ca4343ca9d68c58dd8b7332) Importer(815301076,1909f56bfc062723c751e8b465ee728b)
Start importing Assets/Sunnyland/artwork/Sprites/Enemies/opossum/opossum-3.png using Guid(74c5b1be9ca4343ca9d68c58dd8b7332) Importer(815301076,1909f56bfc062723c751e8b465ee728b)  -> (artifact id: '91c6ef1656966d43b534a2b4380def44') in 0.079794 seconds 
  Import took 0.087662 seconds .

========================================================================
Received Import Request.
  Time since last request: 0.000405 seconds.
  path: Assets/Sunnyland/artwork/Sprites/Enemies/opossum/opossum-2.png
  artifactKey: Guid(2c5f3b2250c31495db3ffcf7e90bb619) Importer(815301076,1909f56bfc062723c751e8b465ee728b)
Start importing Assets/Sunnyland/artwork/Sprites/Enemies/opossum/opossum-2.png using Guid(2c5f3b2250c31495db3ffcf7e90bb619) Importer(815301076,1909f56bfc062723c751e8b465ee728b)  -> (artifact id: '287f55c332cba091685f495421b255a8') in 0.088367 seconds 
  Import took 0.097968 seconds .

========================================================================
Received Import Request.
  Time since last request: 0.000385 seconds.
  path: Assets/Sunnyland/artwork/Sprites/Enemies/opossum/opossum-6.png
  artifactKey: Guid(764fc52f7266843e9b3dac17448f873f) Importer(815301076,1909f56bfc062723c751e8b465ee728b)
Start importing Assets/Sunnyland/artwork/Sprites/Enemies/opossum/opossum-6.png using Guid(764fc52f7266843e9b3dac17448f873f) Importer(815301076,1909f56bfc062723c751e8b465ee728b)  -> (artifact id: '65d73d9994bf370f5e08edfd050c591b') in 0.079728 seconds 
  Import took 0.090318 seconds .

========================================================================
Received Prepare
Registering precompiled user dll's ...
Registered in 0.012573 seconds.
Begin MonoManager ReloadAssembly
Native extension for WindowsStandalone target not found
Refreshing native plugins compatible for Editor in 1.67 ms, found 3 plugins.
Preloading 0 native plugins for Editor in 0.00 ms.
Mono: successfully reloaded assembly
- Completed reload, in  4.209 seconds
Domain Reload Profiling:
	ReloadAssembly (4210ms)
		BeginReloadAssembly (311ms)
			ExecutionOrderSort (0ms)
			DisableScriptedObjects (15ms)
			BackupInstance (0ms)
			ReleaseScriptingObjects (0ms)
			CreateAndSetChildDomain (97ms)
		EndReloadAssembly (3715ms)
			LoadAssemblies (275ms)
			RebuildTransferFunctionScriptingTraits (0ms)
			SetupTypeCache (2245ms)
			ReleaseScriptCaches (2ms)
			RebuildScriptCaches (120ms)
			SetupLoadedEditorAssemblies (852ms)
				LogAssemblyErrors (0ms)
				InitializePlatformSupportModulesInManaged (13ms)
				SetLoadedEditorAssemblies (1ms)
				RefreshPlugins (2ms)
				BeforeProcessingInitializeOnLoad (247ms)
				ProcessInitializeOnLoadAttributes (554ms)
				ProcessInitializeOnLoadMethodAttributes (16ms)
				AfterProcessingInitializeOnLoad (19ms)
				EditorAssembliesLoaded (0ms)
			ExecutionOrderSort2 (0ms)
			AwakeInstancesAfterBackupRestoration (25ms)
Platform modules already initialized, skipping
Refreshing native plugins compatible for Editor in 2.24 ms, found 3 plugins.
Preloading 0 native plugins for Editor in 0.00 ms.
Unloading 2227 Unused Serialized files (Serialized files now loaded: 0)
System memory in use before: 100.4 MB.
System memory in use after: 100.5 MB.

Unloading 15 unused Assets to reduce memory usage. Loaded Objects now: 2690.
Total: 12.726600 ms (FindLiveObjects: 0.847900 ms CreateObjectMapping: 0.883300 ms MarkObjects: 10.937600 ms  DeleteObjects: 0.054600 ms)

AssetImportParameters requested are different than current active one (requested -> active):
  custom:framework-win-MediaFoundation: 216162199b28c13a410421893ffa2e32 -> 
  custom:video-decoder-ogg-theora: a1e56fd34408186e4bbccfd4996cb3dc -> 
  custom:container-muxer-webm: aa71ff27fc2769a1b78a27578f13a17b -> 
  custom:container-demuxer-webm: 4f35f7cbe854078d1ac9338744f61a02 -> 
  custom:container-demuxer-ogg: 62fdf1f143b41e24485cea50d1cbac27 -> 
  custom:video-encoder-webm-vp8: eb34c28f22e8b96e1ab97ce403110664 -> 
  custom:video-codec-MediaFoundation-h265: 746d11721c4dcdbdad8f713fa42b33f4 -> 
  custom:video-decoder-webm-vp8: 9c59270c3fd7afecdb556c50c9e8de78 -> 
  custom:audio-decoder-ogg-vorbis: bf7c407c2cedff20999df2af8eb42d56 -> 
  custom:audio-encoder-webm-vorbis: bf7c407c2cedff20999df2af8eb42d56 -> 
========================================================================
Received Import Request.
  Time since last request: 682.775791 seconds.
  path: Assets/Sunnyland/Scripts/PlayerMovement.cs
  artifactKey: Guid(35938a2a10353c945acd26a6478d9089) Importer(815301076,1909f56bfc062723c751e8b465ee728b)
Start importing Assets/Sunnyland/Scripts/PlayerMovement.cs using Guid(35938a2a10353c945acd26a6478d9089) Importer(815301076,1909f56bfc062723c751e8b465ee728b)  -> (artifact id: '00000000000000000000000000000000') in 0.008207 seconds  code(4) message(Build asset version error: assets/sunnyland/scripts/playermovement.cs in SourceAssetDB has modification time of '2021-12-19T09:06:30.6892132Z' while content on disk has modification time of '2021-12-19T09:07:30.0614764Z')
  ERROR: Build asset version error: assets/sunnyland/scripts/playermovement.cs in SourceAssetDB has modification time of '2021-12-19T09:06:30.6892132Z' while content on disk has modification time of '2021-12-19T09:07:30.0614764Z'
  Import took 0.016779 seconds .

========================================================================
Received Import Request.
  Time since last request: 0.087766 seconds.
  path: Assets/Sunnyland/Scripts/PlayerMovement.cs
  artifactKey: Guid(35938a2a10353c945acd26a6478d9089) Importer(815301076,1909f56bfc062723c751e8b465ee728b)
Start importing Assets/Sunnyland/Scripts/PlayerMovement.cs using Guid(35938a2a10353c945acd26a6478d9089) Importer(815301076,1909f56bfc062723c751e8b465ee728b)  -> (artifact id: '00000000000000000000000000000000') in 0.002133 seconds  code(4) message(Build asset version error: assets/sunnyland/scripts/playermovement.cs in SourceAssetDB has modification time of '2021-12-19T09:06:30.6892132Z' while content on disk has modification time of '2021-12-19T09:07:30.0614764Z')
  ERROR: Build asset version error: assets/sunnyland/scripts/playermovement.cs in SourceAssetDB has modification time of '2021-12-19T09:06:30.6892132Z' while content on disk has modification time of '2021-12-19T09:07:30.0614764Z'
  Import took 0.072795 seconds .

========================================================================
Received Import Request.
  Time since last request: 0.119310 seconds.
  path: Assets/Sunnyland/Scripts/PlayerMovement.cs
  artifactKey: Guid(35938a2a10353c945acd26a6478d9089) Importer(815301076,1909f56bfc062723c751e8b465ee728b)
Start importing Assets/Sunnyland/Scripts/PlayerMovement.cs using Guid(35938a2a10353c945acd26a6478d9089) Importer(815301076,1909f56bfc062723c751e8b465ee728b)  -> (artifact id: '00000000000000000000000000000000') in 0.003775 seconds  code(4) message(Build asset version error: assets/sunnyland/scripts/playermovement.cs in SourceAssetDB has modification time of '2021-12-19T09:06:30.6892132Z' while content on disk has modification time of '2021-12-19T09:07:30.0614764Z')
  ERROR: Build asset version error: assets/sunnyland/scripts/playermovement.cs in SourceAssetDB has modification time of '2021-12-19T09:06:30.6892132Z' while content on disk has modification time of '2021-12-19T09:07:30.0614764Z'
  Import took 0.037473 seconds .

========================================================================
Received Import Request.
  Time since last request: 0.016731 seconds.
  path: Assets/Sunnyland/Scripts/PlayerMovement.cs
  artifactKey: Guid(35938a2a10353c945acd26a6478d9089) Importer(815301076,1909f56bfc062723c751e8b465ee728b)
Start importing Assets/Sunnyland/Scripts/PlayerMovement.cs using Guid(35938a2a10353c945acd26a6478d9089) Importer(815301076,1909f56bfc062723c751e8b465ee728b)  -> (artifact id: '00000000000000000000000000000000') in 0.002638 seconds  code(4) message(Build asset version error: assets/sunnyland/scripts/playermovement.cs in SourceAssetDB has modification time of '2021-12-19T09:06:30.6892132Z' while content on disk has modification time of '2021-12-19T09:07:30.0614764Z')
  ERROR: Build asset version error: assets/sunnyland/scripts/playermovement.cs in SourceAssetDB has modification time of '2021-12-19T09:06:30.6892132Z' while content on disk has modification time of '2021-12-19T09:07:30.0614764Z'
  Import took 0.025435 seconds .

========================================================================
Received Import Request.
  Time since last request: 0.020798 seconds.
  path: Assets/Sunnyland/Scripts/PlayerMovement.cs
  artifactKey: Guid(35938a2a10353c945acd26a6478d9089) Importer(815301076,1909f56bfc062723c751e8b465ee728b)
Start importing Assets/Sunnyland/Scripts/PlayerMovement.cs using Guid(35938a2a10353c945acd26a6478d9089) Importer(815301076,1909f56bfc062723c751e8b465ee728b)  -> (artifact id: '00000000000000000000000000000000') in 0.004905 seconds  code(4) message(Build asset version error: assets/sunnyland/scripts/playermovement.cs in SourceAssetDB has modification time of '2021-12-19T09:06:30.6892132Z' while content on disk has modification time of '2021-12-19T09:07:30.0614764Z')
  ERROR: Build asset version error: assets/sunnyland/scripts/playermovement.cs in SourceAssetDB has modification time of '2021-12-19T09:06:30.6892132Z' while content on disk has modification time of '2021-12-19T09:07:30.0614764Z'
  Import took 0.020341 seconds .

========================================================================
Received Import Request.
  Time since last request: 0.020706 seconds.
  path: Assets/Sunnyland/Scripts/PlayerMovement.cs
  artifactKey: Guid(35938a2a10353c945acd26a6478d9089) Importer(815301076,1909f56bfc062723c751e8b465ee728b)
Start importing Assets/Sunnyland/Scripts/PlayerMovement.cs using Guid(35938a2a10353c945acd26a6478d9089) Importer(815301076,1909f56bfc062723c751e8b465ee728b)  -> (artifact id: '00000000000000000000000000000000') in 0.001316 seconds  code(4) message(Build asset version error: assets/sunnyland/scripts/playermovement.cs in SourceAssetDB has modification time of '2021-12-19T09:06:30.6892132Z' while content on disk has modification time of '2021-12-19T09:07:30.0614764Z')
  ERROR: Build asset version error: assets/sunnyland/scripts/playermovement.cs in SourceAssetDB has modification time of '2021-12-19T09:06:30.6892132Z' while content on disk has modification time of '2021-12-19T09:07:30.0614764Z'
  Import took 0.021233 seconds .

========================================================================
Received Import Request.
  Time since last request: 0.021686 seconds.
  path: Assets/Sunnyland/Scripts/PlayerMovement.cs
  artifactKey: Guid(35938a2a10353c945acd26a6478d9089) Importer(815301076,1909f56bfc062723c751e8b465ee728b)
Start importing Assets/Sunnyland/Scripts/PlayerMovement.cs using Guid(35938a2a10353c945acd26a6478d9089) Importer(815301076,1909f56bfc062723c751e8b465ee728b)  -> (artifact id: '00000000000000000000000000000000') in 0.004711 seconds  code(4) message(Build asset version error: assets/sunnyland/scripts/playermovement.cs in SourceAssetDB has modification time of '2021-12-19T09:06:30.6892132Z' while content on disk has modification time of '2021-12-19T09:07:30.0614764Z')
  ERROR: Build asset version error: assets/sunnyland/scripts/playermovement.cs in SourceAssetDB has modification time of '2021-12-19T09:06:30.6892132Z' while content on disk has modification time of '2021-12-19T09:07:30.0614764Z'
  Import took 0.033225 seconds .

========================================================================
Received Import Request.
  Time since last request: 0.109332 seconds.
  path: Assets/Sunnyland/Scripts/PlayerMovement.cs
  artifactKey: Guid(35938a2a10353c945acd26a6478d9089) Importer(815301076,1909f56bfc062723c751e8b465ee728b)
Start importing Assets/Sunnyland/Scripts/PlayerMovement.cs using Guid(35938a2a10353c945acd26a6478d9089) Importer(815301076,1909f56bfc062723c751e8b465ee728b)  -> (artifact id: '00000000000000000000000000000000') in 0.001435 seconds  code(4) message(Build asset version error: assets/sunnyland/scripts/playermovement.cs in SourceAssetDB has modification time of '2021-12-19T09:06:30.6892132Z' while content on disk has modification time of '2021-12-19T09:07:30.0614764Z')
  ERROR: Build asset version error: assets/sunnyland/scripts/playermovement.cs in SourceAssetDB has modification time of '2021-12-19T09:06:30.6892132Z' while content on disk has modification time of '2021-12-19T09:07:30.0614764Z'
  Import took 0.052471 seconds .

========================================================================
Received Import Request.
  Time since last request: 0.100290 seconds.
  path: Assets/Sunnyland/Scripts/PlayerMovement.cs
  artifactKey: Guid(35938a2a10353c945acd26a6478d9089) Importer(815301076,1909f56bfc062723c751e8b465ee728b)
Start importing Assets/Sunnyland/Scripts/PlayerMovement.cs using Guid(35938a2a10353c945acd26a6478d9089) Importer(815301076,1909f56bfc062723c751e8b465ee728b)  -> (artifact id: '00000000000000000000000000000000') in 0.001017 seconds  code(4) message(Build asset version error: assets/sunnyland/scripts/playermovement.cs in SourceAssetDB has modification time of '2021-12-19T09:06:30.6892132Z' while content on disk has modification time of '2021-12-19T09:07:30.0614764Z')
  ERROR: Build asset version error: assets/sunnyland/scripts/playermovement.cs in SourceAssetDB has modification time of '2021-12-19T09:06:30.6892132Z' while content on disk has modification time of '2021-12-19T09:07:30.0614764Z'
  Import took 0.091240 seconds .

========================================================================
Received Import Request.
  Time since last request: 0.058381 seconds.
  path: Assets/Sunnyland/Scripts/PlayerMovement.cs
  artifactKey: Guid(35938a2a10353c945acd26a6478d9089) Importer(815301076,1909f56bfc062723c751e8b465ee728b)
Start importing Assets/Sunnyland/Scripts/PlayerMovement.cs using Guid(35938a2a10353c945acd26a6478d9089) Importer(815301076,1909f56bfc062723c751e8b465ee728b)  -> (artifact id: '00000000000000000000000000000000') in 0.024555 seconds  code(4) message(Build asset version error: assets/sunnyland/scripts/playermovement.cs in SourceAssetDB has modification time of '2021-12-19T09:06:30.6892132Z' while content on disk has modification time of '2021-12-19T09:07:30.0614764Z')
  ERROR: Build asset version error: assets/sunnyland/scripts/playermovement.cs in SourceAssetDB has modification time of '2021-12-19T09:06:30.6892132Z' while content on disk has modification time of '2021-12-19T09:07:30.0614764Z'
  Import took 0.048007 seconds .

========================================================================
Received Import Request.
  Time since last request: 0.143773 seconds.
  path: Assets/Sunnyland/Scripts/PlayerMovement.cs
  artifactKey: Guid(35938a2a10353c945acd26a6478d9089) Importer(815301076,1909f56bfc062723c751e8b465ee728b)
Start importing Assets/Sunnyland/Scripts/PlayerMovement.cs using Guid(35938a2a10353c945acd26a6478d9089) Importer(815301076,1909f56bfc062723c751e8b465ee728b)  -> (artifact id: '00000000000000000000000000000000') in 0.001132 seconds  code(4) message(Build asset version error: assets/sunnyland/scripts/playermovement.cs in SourceAssetDB has modification time of '2021-12-19T09:06:30.6892132Z' while content on disk has modification time of '2021-12-19T09:07:30.0614764Z')
  ERROR: Build asset version error: assets/sunnyland/scripts/playermovement.cs in SourceAssetDB has modification time of '2021-12-19T09:06:30.6892132Z' while content on disk has modification time of '2021-12-19T09:07:30.0614764Z'
  Import took 0.022482 seconds .

========================================================================
Received Import Request.
  Time since last request: 0.022153 seconds.
  path: Assets/Sunnyland/Scripts/PlayerMovement.cs
  artifactKey: Guid(35938a2a10353c945acd26a6478d9089) Importer(815301076,1909f56bfc062723c751e8b465ee728b)
Start importing Assets/Sunnyland/Scripts/PlayerMovement.cs using Guid(35938a2a10353c945acd26a6478d9089) Importer(815301076,1909f56bfc062723c751e8b465ee728b)  -> (artifact id: '00000000000000000000000000000000') in 0.004159 seconds  code(4) message(Build asset version error: assets/sunnyland/scripts/playermovement.cs in SourceAssetDB has modification time of '2021-12-19T09:06:30.6892132Z' while content on disk has modification time of '2021-12-19T09:07:30.0614764Z')
  ERROR: Build asset version error: assets/sunnyland/scripts/playermovement.cs in SourceAssetDB has modification time of '2021-12-19T09:06:30.6892132Z' while content on disk has modification time of '2021-12-19T09:07:30.0614764Z'
  Import took 0.034646 seconds .

========================================================================
Received Import Request.
  Time since last request: 0.028063 seconds.
  path: Assets/Sunnyland/Scripts/PlayerMovement.cs
  artifactKey: Guid(35938a2a10353c945acd26a6478d9089) Importer(815301076,1909f56bfc062723c751e8b465ee728b)
Start importing Assets/Sunnyland/Scripts/PlayerMovement.cs using Guid(35938a2a10353c945acd26a6478d9089) Importer(815301076,1909f56bfc062723c751e8b465ee728b)  -> (artifact id: '00000000000000000000000000000000') in 0.006332 seconds  code(4) message(Build asset version error: assets/sunnyland/scripts/playermovement.cs in SourceAssetDB has modification time of '2021-12-19T09:06:30.6892132Z' while content on disk has modification time of '2021-12-19T09:07:30.0614764Z')
  ERROR: Build asset version error: assets/sunnyland/scripts/playermovement.cs in SourceAssetDB has modification time of '2021-12-19T09:06:30.6892132Z' while content on disk has modification time of '2021-12-19T09:07:30.0614764Z'
  Import took 0.040300 seconds .

========================================================================
Received Import Request.
  Time since last request: 0.016365 seconds.
  path: Assets/Sunnyland/Scripts/PlayerMovement.cs
  artifactKey: Guid(35938a2a10353c945acd26a6478d9089) Importer(815301076,1909f56bfc062723c751e8b465ee728b)
Start importing Assets/Sunnyland/Scripts/PlayerMovement.cs using Guid(35938a2a10353c945acd26a6478d9089) Importer(815301076,1909f56bfc062723c751e8b465ee728b)  -> (artifact id: '00000000000000000000000000000000') in 0.001320 seconds  code(4) message(Build asset version error: assets/sunnyland/scripts/playermovement.cs in SourceAssetDB has modification time of '2021-12-19T09:06:30.6892132Z' while content on disk has modification time of '2021-12-19T09:07:30.0614764Z')
  ERROR: Build asset version error: assets/sunnyland/scripts/playermovement.cs in SourceAssetDB has modification time of '2021-12-19T09:06:30.6892132Z' while content on disk has modification time of '2021-12-19T09:07:30.0614764Z'
  Import took 0.069173 seconds .

========================================================================
Received Import Request.
  Time since last request: 0.095923 seconds.
  path: Assets/Sunnyland/Scripts/PlayerMovement.cs
  artifactKey: Guid(35938a2a10353c945acd26a6478d9089) Importer(815301076,1909f56bfc062723c751e8b465ee728b)
Start importing Assets/Sunnyland/Scripts/PlayerMovement.cs using Guid(35938a2a10353c945acd26a6478d9089) Importer(815301076,1909f56bfc062723c751e8b465ee728b)  -> (artifact id: '00000000000000000000000000000000') in 0.013256 seconds  code(4) message(Build asset version error: assets/sunnyland/scripts/playermovement.cs in SourceAssetDB has modification time of '2021-12-19T09:06:30.6892132Z' while content on disk has modification time of '2021-12-19T09:07:30.0614764Z')
  ERROR: Build asset version error: assets/sunnyland/scripts/playermovement.cs in SourceAssetDB has modification time of '2021-12-19T09:06:30.6892132Z' while content on disk has modification time of '2021-12-19T09:07:30.0614764Z'
  Import took 0.051408 seconds .

========================================================================
Received Import Request.
  Time since last request: 0.111454 seconds.
  path: Assets/Sunnyland/Scripts/PlayerMovement.cs
  artifactKey: Guid(35938a2a10353c945acd26a6478d9089) Importer(815301076,1909f56bfc062723c751e8b465ee728b)
Start importing Assets/Sunnyland/Scripts/PlayerMovement.cs using Guid(35938a2a10353c945acd26a6478d9089) Importer(815301076,1909f56bfc062723c751e8b465ee728b)  -> (artifact id: '00000000000000000000000000000000') in 0.061639 seconds  code(4) message(Build asset version error: assets/sunnyland/scripts/playermovement.cs in SourceAssetDB has modification time of '2021-12-19T09:06:30.6892132Z' while content on disk has modification time of '2021-12-19T09:07:30.0614764Z')
  ERROR: Build asset version error: assets/sunnyland/scripts/playermovement.cs in SourceAssetDB has modification time of '2021-12-19T09:06:30.6892132Z' while content on disk has modification time of '2021-12-19T09:07:30.0614764Z'
  Import took 0.087682 seconds .

========================================================================
Received Import Request.
  Time since last request: 0.347852 seconds.
  path: Assets/Sunnyland/Scripts/PlayerMovement.cs
  artifactKey: Guid(35938a2a10353c945acd26a6478d9089) Importer(815301076,1909f56bfc062723c751e8b465ee728b)
Start importing Assets/Sunnyland/Scripts/PlayerMovement.cs using Guid(35938a2a10353c945acd26a6478d9089) Importer(815301076,1909f56bfc062723c751e8b465ee728b)  -> (artifact id: '00000000000000000000000000000000') in 0.001598 seconds  code(4) message(Build asset version error: assets/sunnyland/scripts/playermovement.cs in SourceAssetDB has modification time of '2021-12-19T09:06:30.6892132Z' while content on disk has modification time of '2021-12-19T09:07:30.0614764Z')
  ERROR: Build asset version error: assets/sunnyland/scripts/playermovement.cs in SourceAssetDB has modification time of '2021-12-19T09:06:30.6892132Z' while content on disk has modification time of '2021-12-19T09:07:30.0614764Z'
  Import took 0.012917 seconds .

========================================================================
Received Import Request.
  Time since last request: 0.068991 seconds.
  path: Assets/Sunnyland/Scripts/PlayerMovement.cs
  artifactKey: Guid(35938a2a10353c945acd26a6478d9089) Importer(815301076,1909f56bfc062723c751e8b465ee728b)
Start importing Assets/Sunnyland/Scripts/PlayerMovement.cs using Guid(35938a2a10353c945acd26a6478d9089) Importer(815301076,1909f56bfc062723c751e8b465ee728b)  -> (artifact id: '00000000000000000000000000000000') in 0.017476 seconds  code(4) message(Build asset version error: assets/sunnyland/scripts/playermovement.cs in SourceAssetDB has modification time of '2021-12-19T09:06:30.6892132Z' while content on disk has modification time of '2021-12-19T09:07:30.0614764Z')
  ERROR: Build asset version error: assets/sunnyland/scripts/playermovement.cs in SourceAssetDB has modification time of '2021-12-19T09:06:30.6892132Z' while content on disk has modification time of '2021-12-19T09:07:30.0614764Z'
  Import took 0.051291 seconds .

========================================================================
Received Import Request.
  Time since last request: 0.067204 seconds.
  path: Assets/Sunnyland/Scripts/PlayerMovement.cs
  artifactKey: Guid(35938a2a10353c945acd26a6478d9089) Importer(815301076,1909f56bfc062723c751e8b465ee728b)
Start importing Assets/Sunnyland/Scripts/PlayerMovement.cs using Guid(35938a2a10353c945acd26a6478d9089) Importer(815301076,1909f56bfc062723c751e8b465ee728b)  -> (artifact id: '00000000000000000000000000000000') in 0.002752 seconds  code(4) message(Build asset version error: assets/sunnyland/scripts/playermovement.cs in SourceAssetDB has modification time of '2021-12-19T09:06:30.6892132Z' while content on disk has modification time of '2021-12-19T09:07:30.0614764Z')
  ERROR: Build asset version error: assets/sunnyland/scripts/playermovement.cs in SourceAssetDB has modification time of '2021-12-19T09:06:30.6892132Z' while content on disk has modification time of '2021-12-19T09:07:30.0614764Z'
  Import took 0.145331 seconds .

========================================================================
Received Import Request.
  Time since last request: 0.139306 seconds.
  path: Assets/Sunnyland/Scripts/PlayerMovement.cs
  artifactKey: Guid(35938a2a10353c945acd26a6478d9089) Importer(815301076,1909f56bfc062723c751e8b465ee728b)
Start importing Assets/Sunnyland/Scripts/PlayerMovement.cs using Guid(35938a2a10353c945acd26a6478d9089) Importer(815301076,1909f56bfc062723c751e8b465ee728b)  -> (artifact id: '00000000000000000000000000000000') in 0.003340 seconds  code(4) message(Build asset version error: assets/sunnyland/scripts/playermovement.cs in SourceAssetDB has modification time of '2021-12-19T09:06:30.6892132Z' while content on disk has modification time of '2021-12-19T09:07:30.0614764Z')
  ERROR: Build asset version error: assets/sunnyland/scripts/playermovement.cs in SourceAssetDB has modification time of '2021-12-19T09:06:30.6892132Z' while content on disk has modification time of '2021-12-19T09:07:30.0614764Z'
  Import took 0.145282 seconds .

========================================================================
Received Import Request.
  Time since last request: 0.138678 seconds.
  path: Assets/Sunnyland/Scripts/PlayerMovement.cs
  artifactKey: Guid(35938a2a10353c945acd26a6478d9089) Importer(815301076,1909f56bfc062723c751e8b465ee728b)
Start importing Assets/Sunnyland/Scripts/PlayerMovement.cs using Guid(35938a2a10353c945acd26a6478d9089) Importer(815301076,1909f56bfc062723c751e8b465ee728b)  -> (artifact id: '00000000000000000000000000000000') in 0.002957 seconds  code(4) message(Build asset version error: assets/sunnyland/scripts/playermovement.cs in SourceAssetDB has modification time of '2021-12-19T09:06:30.6892132Z' while content on disk has modification time of '2021-12-19T09:07:30.0614764Z')
  ERROR: Build asset version error: assets/sunnyland/scripts/playermovement.cs in SourceAssetDB has modification time of '2021-12-19T09:06:30.6892132Z' while content on disk has modification time of '2021-12-19T09:07:30.0614764Z'
  Import took 0.062740 seconds .

========================================================================
Received Import Request.
  Time since last request: 0.115385 seconds.
  path: Assets/Sunnyland/Scripts/PlayerMovement.cs
  artifactKey: Guid(35938a2a10353c945acd26a6478d9089) Importer(815301076,1909f56bfc062723c751e8b465ee728b)
Start importing Assets/Sunnyland/Scripts/PlayerMovement.cs using Guid(35938a2a10353c945acd26a6478d9089) Importer(815301076,1909f56bfc062723c751e8b465ee728b)  -> (artifact id: '00000000000000000000000000000000') in 0.012645 seconds  code(4) message(Build asset version error: assets/sunnyland/scripts/playermovement.cs in SourceAssetDB has modification time of '2021-12-19T09:06:30.6892132Z' while content on disk has modification time of '2021-12-19T09:07:30.0614764Z')
  ERROR: Build asset version error: assets/sunnyland/scripts/playermovement.cs in SourceAssetDB has modification time of '2021-12-19T09:06:30.6892132Z' while content on disk has modification time of '2021-12-19T09:07:30.0614764Z'
  Import took 0.068016 seconds .

========================================================================
Received Import Request.
  Time since last request: 0.103576 seconds.
  path: Assets/Sunnyland/Scripts/PlayerMovement.cs
  artifactKey: Guid(35938a2a10353c945acd26a6478d9089) Importer(815301076,1909f56bfc062723c751e8b465ee728b)
Start importing Assets/Sunnyland/Scripts/PlayerMovement.cs using Guid(35938a2a10353c945acd26a6478d9089) Importer(815301076,1909f56bfc062723c751e8b465ee728b)  -> (artifact id: '00000000000000000000000000000000') in 0.001338 seconds  code(4) message(Build asset version error: assets/sunnyland/scripts/playermovement.cs in SourceAssetDB has modification time of '2021-12-19T09:06:30.6892132Z' while content on disk has modification time of '2021-12-19T09:07:30.0614764Z')
  ERROR: Build asset version error: assets/sunnyland/scripts/playermovement.cs in SourceAssetDB has modification time of '2021-12-19T09:06:30.6892132Z' while content on disk has modification time of '2021-12-19T09:07:30.0614764Z'
  Import took 0.021307 seconds .

========================================================================
Received Import Request.
  Time since last request: 0.138365 seconds.
  path: Assets/Sunnyland/Scripts/PlayerMovement.cs
  artifactKey: Guid(35938a2a10353c945acd26a6478d9089) Importer(815301076,1909f56bfc062723c751e8b465ee728b)
Start importing Assets/Sunnyland/Scripts/PlayerMovement.cs using Guid(35938a2a10353c945acd26a6478d9089) Importer(815301076,1909f56bfc062723c751e8b465ee728b)  -> (artifact id: '00000000000000000000000000000000') in 0.001440 seconds  code(4) message(Build asset version error: assets/sunnyland/scripts/playermovement.cs in SourceAssetDB has modification time of '2021-12-19T09:06:30.6892132Z' while content on disk has modification time of '2021-12-19T09:07:30.0614764Z')
  ERROR: Build asset version error: assets/sunnyland/scripts/playermovement.cs in SourceAssetDB has modification time of '2021-12-19T09:06:30.6892132Z' while content on disk has modification time of '2021-12-19T09:07:30.0614764Z'
  Import took 0.017817 seconds .

========================================================================
Received Import Request.
  Time since last request: 0.075733 seconds.
  path: Assets/Sunnyland/Scripts/PlayerMovement.cs
  artifactKey: Guid(35938a2a10353c945acd26a6478d9089) Importer(815301076,1909f56bfc062723c751e8b465ee728b)
Start importing Assets/Sunnyland/Scripts/PlayerMovement.cs using Guid(35938a2a10353c945acd26a6478d9089) Importer(815301076,1909f56bfc062723c751e8b465ee728b)  -> (artifact id: '00000000000000000000000000000000') in 0.003113 seconds  code(4) message(Build asset version error: assets/sunnyland/scripts/playermovement.cs in SourceAssetDB has modification time of '2021-12-19T09:06:30.6892132Z' while content on disk has modification time of '2021-12-19T09:07:30.0614764Z')
  ERROR: Build asset version error: assets/sunnyland/scripts/playermovement.cs in SourceAssetDB has modification time of '2021-12-19T09:06:30.6892132Z' while content on disk has modification time of '2021-12-19T09:07:30.0614764Z'
  Import took 0.037534 seconds .

========================================================================
Received Import Request.
  Time since last request: 0.020950 seconds.
  path: Assets/Sunnyland/Scripts/PlayerMovement.cs
  artifactKey: Guid(35938a2a10353c945acd26a6478d9089) Importer(815301076,1909f56bfc062723c751e8b465ee728b)
Start importing Assets/Sunnyland/Scripts/PlayerMovement.cs using Guid(35938a2a10353c945acd26a6478d9089) Importer(815301076,1909f56bfc062723c751e8b465ee728b)  -> (artifact id: '00000000000000000000000000000000') in 0.006332 seconds  code(4) message(Build asset version error: assets/sunnyland/scripts/playermovement.cs in SourceAssetDB has modification time of '2021-12-19T09:06:30.6892132Z' while content on disk has modification time of '2021-12-19T09:07:30.0614764Z')
  ERROR: Build asset version error: assets/sunnyland/scripts/playermovement.cs in SourceAssetDB has modification time of '2021-12-19T09:06:30.6892132Z' while content on disk has modification time of '2021-12-19T09:07:30.0614764Z'
  Import took 0.081838 seconds .

========================================================================
Received Import Request.
  Time since last request: 0.030831 seconds.
  path: Assets/Sunnyland/Scripts/PlayerMovement.cs
  artifactKey: Guid(35938a2a10353c945acd26a6478d9089) Importer(815301076,1909f56bfc062723c751e8b465ee728b)
Start importing Assets/Sunnyland/Scripts/PlayerMovement.cs using Guid(35938a2a10353c945acd26a6478d9089) Importer(815301076,1909f56bfc062723c751e8b465ee728b) Diagnostics callstack to track who triggered the sub-import:
0x00007ff75f87dda2 (Unity) ImporterAssetResolver::ResolveAsset
0x00007ff75f849422 (Unity) ResolveArtifactV2
0x00007ff75f868de0 (Unity) ImportToObjects
0x00007ff75f8681e8 (Unity) ImportAsset
0x00007ff75f7c9ff8 (Unity) AssetImportWorker::Import
0x00007ff75f81d38a (Unity) <lambda_7448d646502792db0127dc89657ec83e>::operator()
0x00007ff75f8c1612 (Unity) asio::detail::completion_handler<core::mutable_function<void __cdecl(void)> >::do_complete
0x00007ff75f8c3770 (Unity) asio::detail::win_iocp_io_service::do_one
0x00007ff75f8c6efe (Unity) asio::io_service::run
0x00007ff75f84a13b (Unity) RunAssetImportWorkerClientV2
0x00007ff75f84a190 (Unity) RunAssetImporterV2
0x00007ff75ed11596 (Unity) Application::InitializeProject
0x00007ff75f6b93e2 (Unity) WinMain
0x00007ff76150bf46 (Unity) __scrt_common_main_seh
0x00007ffafd497034 (KERNEL32) BaseThreadInitThunk
0x00007ffafe762651 (ntdll) RtlUserThreadStart

Requesting import of Guid(35938a2a10353c945acd26a6478d9089) Importer(-1,00000000000000000000000000000000), Assets/Sunnyland/Scripts/PlayerMovement.cs from editor
Resuming Guid(35938a2a10353c945acd26a6478d9089) Importer(-1,00000000000000000000000000000000) -> 00000000000000000000000000000000 (aborted)
Diagnostics callstack to track who triggered the sub-import:
0x00007ff75f87dda2 (Unity) ImporterAssetResolver::ResolveAsset
0x00007ff75f849422 (Unity) ResolveArtifactV2
0x00007ff75f8401e1 (Unity) ProduceArtifactV2
0x00007ff75f78efbe (Unity) AssetDatabase::ProduceArtifact
0x00007ff75f7742e8 (Unity) PreviewImporter::GenerateAssetData
0x00007ff75f8691a9 (Unity) ImportToObjects
0x00007ff75f8681e8 (Unity) ImportAsset
0x00007ff75f7c9ff8 (Unity) AssetImportWorker::Import
0x00007ff75f81d38a (Unity) <lambda_7448d646502792db0127dc89657ec83e>::operator()
0x00007ff75f8c1612 (Unity) asio::detail::completion_handler<core::mutable_function<void __cdecl(void)> >::do_complete
0x00007ff75f8c3770 (Unity) asio::detail::win_iocp_io_service::do_one
0x00007ff75f8c6efe (Unity) asio::io_service::run
0x00007ff75f84a13b (Unity) RunAssetImportWorkerClientV2
0x00007ff75f84a190 (Unity) RunAssetImporterV2
0x00007ff75ed11596 (Unity) Application::InitializeProject
0x00007ff75f6b93e2 (Unity) WinMain
0x00007ff76150bf46 (Unity) __scrt_common_main_seh
0x00007ffafd497034 (KERNEL32) BaseThreadInitThunk
0x00007ffafe762651 (ntdll) RtlUserThreadStart

Sub-import of Guid(35938a2a10353c945acd26a6478d9089) Importer(-1,00000000000000000000000000000000), Assets/Sunnyland/Scripts/PlayerMovement.cs skipped because a previous one failed already
 -> (artifact id: 'fe4289a32787d6bde37e7df9e920c772') in 8.894642 seconds 
  Import took 9.005379 seconds (was aborted).

========================================================================
Received Prepare
Registering precompiled user dll's ...
Registered in 0.015372 seconds.
Begin MonoManager ReloadAssembly
Native extension for WindowsStandalone target not found
Refreshing native plugins compatible for Editor in 1.85 ms, found 3 plugins.
Preloading 0 native plugins for Editor in 0.00 ms.
Mono: successfully reloaded assembly
- Completed reload, in  2.844 seconds
Domain Reload Profiling:
	ReloadAssembly (2845ms)
		BeginReloadAssembly (269ms)
			ExecutionOrderSort (0ms)
			DisableScriptedObjects (16ms)
			BackupInstance (0ms)
			ReleaseScriptingObjects (0ms)
			CreateAndSetChildDomain (84ms)
		EndReloadAssembly (2283ms)
			LoadAssemblies (234ms)
			RebuildTransferFunctionScriptingTraits (0ms)
			SetupTypeCache (740ms)
			ReleaseScriptCaches (3ms)
			RebuildScriptCaches (116ms)
			SetupLoadedEditorAssemblies (933ms)
				LogAssemblyErrors (0ms)
				InitializePlatformSupportModulesInManaged (12ms)
				SetLoadedEditorAssemblies (1ms)
				RefreshPlugins (2ms)
				BeforeProcessingInitializeOnLoad (336ms)
				ProcessInitializeOnLoadAttributes (547ms)
				ProcessInitializeOnLoadMethodAttributes (16ms)
				AfterProcessingInitializeOnLoad (18ms)
				EditorAssembliesLoaded (1ms)
			ExecutionOrderSort2 (0ms)
			AwakeInstancesAfterBackupRestoration (27ms)
Platform modules already initialized, skipping
Refreshing native plugins compatible for Editor in 1.85 ms, found 3 plugins.
Preloading 0 native plugins for Editor in 0.00 ms.
Unloading 2227 Unused Serialized files (Serialized files now loaded: 0)
System memory in use before: 100.4 MB.
System memory in use after: 100.5 MB.

Unloading 15 unused Assets to reduce memory usage. Loaded Objects now: 2693.
Total: 9.854600 ms (FindLiveObjects: 0.886700 ms CreateObjectMapping: 0.131000 ms MarkObjects: 8.767000 ms  DeleteObjects: 0.067100 ms)

AssetImportParameters requested are different than current active one (requested -> active):
  custom:framework-win-MediaFoundation: 216162199b28c13a410421893ffa2e32 -> 
  custom:video-decoder-ogg-theora: a1e56fd34408186e4bbccfd4996cb3dc -> 
  custom:container-muxer-webm: aa71ff27fc2769a1b78a27578f13a17b -> 
  custom:container-demuxer-webm: 4f35f7cbe854078d1ac9338744f61a02 -> 
  custom:container-demuxer-ogg: 62fdf1f143b41e24485cea50d1cbac27 -> 
  custom:video-encoder-webm-vp8: eb34c28f22e8b96e1ab97ce403110664 -> 
  custom:video-codec-MediaFoundation-h265: 746d11721c4dcdbdad8f713fa42b33f4 -> 
  custom:video-decoder-webm-vp8: 9c59270c3fd7afecdb556c50c9e8de78 -> 
  custom:audio-decoder-ogg-vorbis: bf7c407c2cedff20999df2af8eb42d56 -> 
  custom:audio-encoder-webm-vorbis: bf7c407c2cedff20999df2af8eb42d56 -> 
========================================================================
Received Import Request.
  Time since last request: 5.385960 seconds.
  path: Assets/Sunnyland/Scripts/PlayerMovement.cs
  artifactKey: Guid(35938a2a10353c945acd26a6478d9089) Importer(815301076,1909f56bfc062723c751e8b465ee728b)
Start importing Assets/Sunnyland/Scripts/PlayerMovement.cs using Guid(35938a2a10353c945acd26a6478d9089) Importer(815301076,1909f56bfc062723c751e8b465ee728b)  -> (artifact id: '334d61ad4cb4055c8e6a78a5e50d22da') in 0.018368 seconds 
  Import took 0.027212 seconds .

